<?xml version="1.0" encoding="UTF-8"?>
<testng-results skipped="2" failed="1" total="5" passed="2">
  <reporter-output>
  </reporter-output>
  <suite name="RunParallelTests" duration-ms="40933" started-at="2017-06-18T16:14:49Z" finished-at="2017-06-18T16:15:30Z">
    <groups>
    </groups>
    <test name="ParallelTestEdge" duration-ms="29" started-at="2017-06-18T16:14:49Z" finished-at="2017-06-18T16:14:49Z">
      <class name="com.myrbshoetests.tests.ShoeBlurbAvailableTest">
        <test-method status="SKIP" signature="isShoeBlurbAvailable(java.lang.String)[pri:0, instance:com.myrbshoetests.tests.ShoeBlurbAvailableTest@13deb50e]" name="isShoeBlurbAvailable" duration-ms="0" started-at="2017-06-18T12:14:49Z" data-provider="dataProvider" finished-at="2017-06-18T12:14:49Z">
          <exception class="java.lang.RuntimeException">
            <message>
              <![CDATA[java.lang.NullPointerException]]>
            </message>
            <full-stacktrace>
              <![CDATA[java.lang.RuntimeException: java.lang.NullPointerException
	at org.testng.internal.MethodInvocationHelper.invokeDataProvider(MethodInvocationHelper.java:163)
	at org.testng.internal.Parameters.handleParameters(Parameters.java:430)
	at org.testng.internal.Invoker.handleParameters(Invoker.java:1274)
	at org.testng.internal.Invoker.createParameters(Invoker.java:989)
	at org.testng.internal.Invoker.invokeTestMethods(Invoker.java:1079)
	at org.testng.internal.TestMethodWorker.invokeTestMethods(TestMethodWorker.java:129)
	at org.testng.internal.TestMethodWorker.run(TestMethodWorker.java:112)
	at java.util.concurrent.ThreadPoolExecutor.runWorker(ThreadPoolExecutor.java:1142)
	at java.util.concurrent.ThreadPoolExecutor$Worker.run(ThreadPoolExecutor.java:617)
	at java.lang.Thread.run(Thread.java:745)
Caused by: java.lang.NullPointerException
	at com.myrbshoetests.tests.TestBase.dataProvider(TestBase.java:62)
	at sun.reflect.NativeMethodAccessorImpl.invoke0(Native Method)
	at sun.reflect.NativeMethodAccessorImpl.invoke(NativeMethodAccessorImpl.java:62)
	at sun.reflect.DelegatingMethodAccessorImpl.invoke(DelegatingMethodAccessorImpl.java:43)
	at java.lang.reflect.Method.invoke(Method.java:497)
	at org.testng.internal.MethodInvocationHelper.invokeMethod(MethodInvocationHelper.java:86)
	at org.testng.internal.MethodInvocationHelper.invokeDataProvider(MethodInvocationHelper.java:137)
	... 9 more
]]>
            </full-stacktrace>
          </exception> <!-- java.lang.RuntimeException -->
          <reporter-output>
          </reporter-output>
        </test-method> <!-- isShoeBlurbAvailable -->
      </class> <!-- com.myrbshoetests.tests.ShoeBlurbAvailableTest -->
    </test> <!-- ParallelTestEdge -->
    <test name="ParallelTestChrome" duration-ms="8" started-at="2017-06-18T16:14:49Z" finished-at="2017-06-18T16:14:49Z">
      <class name="com.myrbshoetests.tests.ShoeBlurbAvailableTest">
        <test-method status="SKIP" signature="isShoeBlurbAvailable(java.lang.String)[pri:0, instance:com.myrbshoetests.tests.ShoeBlurbAvailableTest@490ab905]" name="isShoeBlurbAvailable" duration-ms="0" started-at="2017-06-18T12:14:49Z" data-provider="dataProvider" finished-at="2017-06-18T12:14:49Z">
          <exception class="java.lang.RuntimeException">
            <message>
              <![CDATA[java.lang.NullPointerException]]>
            </message>
            <full-stacktrace>
              <![CDATA[java.lang.RuntimeException: java.lang.NullPointerException
	at org.testng.internal.MethodInvocationHelper.invokeDataProvider(MethodInvocationHelper.java:163)
	at org.testng.internal.Parameters.handleParameters(Parameters.java:430)
	at org.testng.internal.Invoker.handleParameters(Invoker.java:1274)
	at org.testng.internal.Invoker.createParameters(Invoker.java:989)
	at org.testng.internal.Invoker.invokeTestMethods(Invoker.java:1079)
	at org.testng.internal.TestMethodWorker.invokeTestMethods(TestMethodWorker.java:129)
	at org.testng.internal.TestMethodWorker.run(TestMethodWorker.java:112)
	at java.util.concurrent.ThreadPoolExecutor.runWorker(ThreadPoolExecutor.java:1142)
	at java.util.concurrent.ThreadPoolExecutor$Worker.run(ThreadPoolExecutor.java:617)
	at java.lang.Thread.run(Thread.java:745)
Caused by: java.lang.NullPointerException
	at com.myrbshoetests.tests.TestBase.dataProvider(TestBase.java:62)
	at sun.reflect.NativeMethodAccessorImpl.invoke0(Native Method)
	at sun.reflect.NativeMethodAccessorImpl.invoke(NativeMethodAccessorImpl.java:62)
	at sun.reflect.DelegatingMethodAccessorImpl.invoke(DelegatingMethodAccessorImpl.java:43)
	at java.lang.reflect.Method.invoke(Method.java:497)
	at org.testng.internal.MethodInvocationHelper.invokeMethod(MethodInvocationHelper.java:86)
	at org.testng.internal.MethodInvocationHelper.invokeDataProvider(MethodInvocationHelper.java:137)
	... 9 more
]]>
            </full-stacktrace>
          </exception> <!-- java.lang.RuntimeException -->
          <reporter-output>
          </reporter-output>
        </test-method> <!-- isShoeBlurbAvailable -->
      </class> <!-- com.myrbshoetests.tests.ShoeBlurbAvailableTest -->
    </test> <!-- ParallelTestChrome -->
    <test name="ParallelTestFireFox" duration-ms="40834" started-at="2017-06-18T16:14:49Z" finished-at="2017-06-18T16:15:30Z">
      <class name="com.myrbshoetests.tests.ShoeBlurbAvailableTest">
        <test-method status="PASS" signature="beforSuite()[pri:0, instance:com.myrbshoetests.tests.ShoeBlurbAvailableTest@5cb9f472]" name="beforSuite" is-config="true" duration-ms="17" started-at="2017-06-18T12:14:49Z" finished-at="2017-06-18T12:14:49Z">
          <reporter-output>
          </reporter-output>
        </test-method> <!-- beforSuite -->
        <test-method status="PASS" signature="beforeMethod(java.lang.String)[pri:0, instance:com.myrbshoetests.tests.ShoeBlurbAvailableTest@5cb9f472]" name="beforeMethod" is-config="true" duration-ms="5792" started-at="2017-06-18T12:14:49Z" finished-at="2017-06-18T12:14:55Z">
          <params>
            <param index="0">
              <value>
                <![CDATA[firefoxRemote]]>
              </value>
            </param>
          </params>
          <reporter-output>
          </reporter-output>
        </test-method> <!-- beforeMethod -->
        <test-method status="PASS" signature="isShoeBlurbAvailable(java.lang.String)[pri:0, instance:com.myrbshoetests.tests.ShoeBlurbAvailableTest@5cb9f472]" name="isShoeBlurbAvailable" duration-ms="3576" started-at="2017-06-18T12:14:55Z" data-provider="dataProvider" finished-at="2017-06-18T12:14:58Z">
          <params>
            <param index="0">
              <value>
                <![CDATA[January]]>
              </value>
            </param>
          </params>
          <reporter-output>
          </reporter-output>
        </test-method> <!-- isShoeBlurbAvailable -->
        <test-method status="PASS" signature="afterMethod()[pri:0, instance:com.myrbshoetests.tests.ShoeBlurbAvailableTest@5cb9f472]" name="afterMethod" is-config="true" duration-ms="1503" started-at="2017-06-18T12:14:58Z" finished-at="2017-06-18T12:15:00Z">
          <reporter-output>
          </reporter-output>
        </test-method> <!-- afterMethod -->
        <test-method status="PASS" signature="beforeMethod(java.lang.String)[pri:0, instance:com.myrbshoetests.tests.ShoeBlurbAvailableTest@5cb9f472]" name="beforeMethod" is-config="true" duration-ms="4898" started-at="2017-06-18T12:15:00Z" finished-at="2017-06-18T12:15:05Z">
          <params>
            <param index="0">
              <value>
                <![CDATA[firefoxRemote]]>
              </value>
            </param>
          </params>
          <reporter-output>
          </reporter-output>
        </test-method> <!-- beforeMethod -->
        <test-method status="PASS" signature="isShoeBlurbAvailable(java.lang.String)[pri:0, instance:com.myrbshoetests.tests.ShoeBlurbAvailableTest@5cb9f472]" name="isShoeBlurbAvailable" duration-ms="1853" started-at="2017-06-18T12:15:05Z" data-provider="dataProvider" finished-at="2017-06-18T12:15:07Z">
          <params>
            <param index="0">
              <value>
                <![CDATA[November]]>
              </value>
            </param>
          </params>
          <reporter-output>
          </reporter-output>
        </test-method> <!-- isShoeBlurbAvailable -->
        <test-method status="PASS" signature="afterMethod()[pri:0, instance:com.myrbshoetests.tests.ShoeBlurbAvailableTest@5cb9f472]" name="afterMethod" is-config="true" duration-ms="1315" started-at="2017-06-18T12:15:07Z" finished-at="2017-06-18T12:15:08Z">
          <reporter-output>
          </reporter-output>
        </test-method> <!-- afterMethod -->
        <test-method status="PASS" signature="beforeMethod(java.lang.String)[pri:0, instance:com.myrbshoetests.tests.ShoeBlurbAvailableTest@5cb9f472]" name="beforeMethod" is-config="true" duration-ms="4840" started-at="2017-06-18T12:15:08Z" finished-at="2017-06-18T12:15:13Z">
          <params>
            <param index="0">
              <value>
                <![CDATA[firefoxRemote]]>
              </value>
            </param>
          </params>
          <reporter-output>
          </reporter-output>
        </test-method> <!-- beforeMethod -->
        <test-method status="FAIL" signature="isShoeBlurbAvailable(java.lang.String)[pri:0, instance:com.myrbshoetests.tests.ShoeBlurbAvailableTest@5cb9f472]" name="isShoeBlurbAvailable" duration-ms="15475" started-at="2017-06-18T12:15:13Z" data-provider="dataProvider" finished-at="2017-06-18T12:15:28Z">
          <params>
            <param index="0">
              <value>
                <![CDATA[December]]>
              </value>
            </param>
          </params>
          <exception class="java.lang.AssertionError">
            <message>
              <![CDATA[The shoe information blurb is not available. expected [true] but found [false]]]>
            </message>
            <full-stacktrace>
              <![CDATA[java.lang.AssertionError: The shoe information blurb is not available. expected [true] but found [false]
	at org.testng.Assert.fail(Assert.java:94)
	at org.testng.Assert.failNotEquals(Assert.java:513)
	at org.testng.Assert.assertTrue(Assert.java:42)
	at com.myrbshoetests.tests.ShoeBlurbAvailableTest.isShoeBlurbAvailable(ShoeBlurbAvailableTest.java:18)
	at sun.reflect.NativeMethodAccessorImpl.invoke0(Native Method)
	at sun.reflect.NativeMethodAccessorImpl.invoke(NativeMethodAccessorImpl.java:62)
	at sun.reflect.DelegatingMethodAccessorImpl.invoke(DelegatingMethodAccessorImpl.java:43)
	at java.lang.reflect.Method.invoke(Method.java:497)
	at org.testng.internal.MethodInvocationHelper.invokeMethod(MethodInvocationHelper.java:86)
	at org.testng.internal.Invoker.invokeMethod(Invoker.java:643)
	at org.testng.internal.Invoker.invokeTestMethod(Invoker.java:820)
	at org.testng.internal.Invoker.invokeTestMethods(Invoker.java:1128)
	at org.testng.internal.TestMethodWorker.invokeTestMethods(TestMethodWorker.java:129)
	at org.testng.internal.TestMethodWorker.run(TestMethodWorker.java:112)
	at java.util.concurrent.ThreadPoolExecutor.runWorker(ThreadPoolExecutor.java:1142)
	at java.util.concurrent.ThreadPoolExecutor$Worker.run(ThreadPoolExecutor.java:617)
	at java.lang.Thread.run(Thread.java:745)
]]>
            </full-stacktrace>
          </exception> <!-- java.lang.AssertionError -->
          <reporter-output>
          </reporter-output>
        </test-method> <!-- isShoeBlurbAvailable -->
        <test-method status="PASS" signature="afterMethod()[pri:0, instance:com.myrbshoetests.tests.ShoeBlurbAvailableTest@5cb9f472]" name="afterMethod" is-config="true" duration-ms="1322" started-at="2017-06-18T12:15:28Z" finished-at="2017-06-18T12:15:30Z">
          <reporter-output>
          </reporter-output>
        </test-method> <!-- afterMethod -->
      </class> <!-- com.myrbshoetests.tests.ShoeBlurbAvailableTest -->
    </test> <!-- ParallelTestFireFox -->
  </suite> <!-- RunParallelTests -->
</testng-results>
